====
Starting job 5111233 at Tue 26 Apr 10:17:13 BST 2022 for user dc-wilk2.
Running on nodes: m6459
====
initialised cosmology
6.0 halfnorm
177887
initialised cosmology
6.0 truncnorm
177887
initialised cosmology
6.0 trunclognorm
177887
Job done, info follows...
       JobID    JobName  Partition     MaxRSS    Elapsed ExitCode 
------------ ---------- ---------- ---------- ---------- -------- 
5111221_10   FLARES_SF+     cosma6              08:54:45      0:0 
5111221_10.+     extern                         08:54:45      0:0 
5111221_10.0    python3               635271K   00:05:18      0:0 
5111221_10.1    python3               641710K   08:42:49      0:0 
5111221_10.2    python3               641182K   00:06:37      1:0 
