====
Starting job 5111226 at Tue 26 Apr 10:10:05 BST 2022 for user dc-wilk2.
Running on nodes: m6105
====
initialised cosmology
13.0 halfnorm
3921
initialised cosmology
13.0 truncnorm
3921
initialised cosmology
13.0 trunclognorm
3921
Job done, info follows...
       JobID    JobName  Partition     MaxRSS    Elapsed ExitCode 
------------ ---------- ---------- ---------- ---------- -------- 
5111221_3    FLARES_SF+     cosma6              00:01:43      0:0 
5111221_3.e+     extern                         00:01:43      0:0 
5111221_3.0     python3                  741K   00:00:08      0:0 
5111221_3.1     python3                75438K   00:01:25      0:0 
5111221_3.2     python3                  739K   00:00:08      0:0 
