====
Starting job 5111221 at Tue 26 Apr 11:01:03 BST 2022 for user dc-wilk2.
Running on nodes: m6092
====
initialised cosmology
initialised cosmology
initialised cosmology
Job done, info follows...
       JobID    JobName  Partition     MaxRSS    Elapsed ExitCode 
------------ ---------- ---------- ---------- ---------- -------- 
5111221_12   FLARES_SF+     cosma6              00:00:07      0:0 
5111221_12.+     extern                         00:00:07      0:0 
5111221_12.0    python3                  742K   00:00:04      1:0 
5111221_12.1    python3                  742K   00:00:01      1:0 
5111221_12.2    python3                  742K   00:00:01      1:0 
5111221_1    FLARES_SF+     cosma6              00:00:15      0:0 
5111221_1.b+      batch                  814K   00:00:15      0:0 
5111221_1.e+     extern                    4K   00:00:15      0:0 
5111221_1.0     python3                  739K   00:00:08      0:0 
5111221_1.1     python3                  743K   00:00:03      0:0 
5111221_1.2     python3                  739K   00:00:03      0:0 
5111221_2    FLARES_SF+     cosma6              00:00:57      0:0 
5111221_2.b+      batch                 5410K   00:00:57      0:0 
5111221_2.e+     extern                  143K   00:00:57      0:0 
5111221_2.0     python3                  735K   00:00:07      0:0 
5111221_2.1     python3                72185K   00:00:44      0:0 
5111221_2.2     python3                  737K   00:00:04      0:0 
5111221_3    FLARES_SF+     cosma6              00:01:43      0:0 
5111221_3.b+      batch                 5492K   00:01:43      0:0 
5111221_3.e+     extern                  169K   00:01:43      0:0 
5111221_3.0     python3                  741K   00:00:08      0:0 
5111221_3.1     python3                75438K   00:01:25      0:0 
5111221_3.2     python3                  739K   00:00:08      0:0 
5111221_4    FLARES_SF+     cosma6              00:03:04      0:0 
5111221_4.b+      batch                 5483K   00:03:04      0:0 
5111221_4.e+     extern                  166K   00:03:04      0:0 
5111221_4.0     python3                  744K   00:00:12      0:0 
5111221_4.1     python3                81212K   00:02:34      0:0 
5111221_4.2     python3                  742K   00:00:17      0:0 
5111221_5    FLARES_SF+     cosma6              00:06:40      0:0 
5111221_5.b+      batch                 5483K   00:06:40      0:0 
5111221_5.e+     extern                  164K   00:06:40      0:0 
5111221_5.0     python3                  743K   00:00:16      0:0 
5111221_5.1     python3                93810K   00:05:53      0:0 
5111221_5.2     python3                92962K   00:00:30      0:0 
5111221_6    FLARES_SF+     cosma6              00:20:15      0:0 
5111221_6.b+      batch                 5509K   00:20:15      0:0 
5111221_6.e+     extern                  174K   00:20:15      0:0 
5111221_6.0     python3                  743K   00:00:21      0:0 
5111221_6.1     python3               114783K   00:18:52      0:0 
5111221_6.2     python3               111459K   00:01:00      0:0 
5111221_7    FLARES_SF+     cosma6              00:50:04      0:0 
5111221_7.e+     extern                         00:50:04      0:0 
5111221_7.0     python3               144633K   00:00:40      0:0 
5111221_7.1     python3               146965K   00:47:26      0:0 
5111221_7.2     python3                         00:01:57      0:0 
5111221_8    FLARES_SF+     cosma6              00:49:03      0:0 
5111221_8.e+     extern                         00:49:03      0:0 
5111221_8.0     python3               208298K   00:01:16      0:0 
5111221_8.1     python3                         00:47:46      0:0 
5111221_9    FLARES_SF+     cosma6              00:47:31      0:0 
5111221_9.e+     extern                         00:47:31      0:0 
5111221_9.0     python3               344088K   00:02:33      0:0 
5111221_9.1     python3                         00:44:57      0:0 
5111221_10   FLARES_SF+     cosma6              00:43:57      0:0 
5111221_10.+     extern                         00:43:57      0:0 
5111221_10.0    python3               635271K   00:05:18      0:0 
5111221_10.1    python3                         00:38:38      0:0 
5111221_11   FLARES_SF+     cosma6              00:30:10      0:0 
5111221_11.+     extern                         00:30:10      0:0 
5111221_11.0    python3              1264471K   00:10:28      0:0 
5111221_11.1    python3                         00:19:41      0:0 
