====
Starting job 5111236 at Tue 26 Apr 10:30:59 BST 2022 for user dc-wilk2.
Running on nodes: m6085
====
initialised cosmology
5.0 halfnorm
237437
initialised cosmology
5.0 truncnorm
237437
initialised cosmology
5.0 trunclognorm
237437
Job done, info follows...
       JobID    JobName  Partition     MaxRSS    Elapsed ExitCode 
------------ ---------- ---------- ---------- ---------- -------- 
5111221_11   FLARES_SF+     cosma6              08:10:16      0:0 
5111221_11.+     extern                         08:10:16      0:0 
5111221_11.0    python3              1264471K   00:10:28      0:0 
5111221_11.1    python3              1273473K   07:17:49      1:0 
5111221_11.2    python3              1271253K   00:41:58      1:0 
