====
Starting job 5110623 at Mon 25 Apr 16:26:01 BST 2022 for user dc-wilk2.
Running on nodes: m6240
====
initialised cosmology
initialised cosmology
initialised cosmology
initialised cosmology
initialised cosmology
initialised cosmology
initialised cosmology
initialised cosmology
initialised cosmology
initialised cosmology
initialised cosmology
Job done, info follows...
       JobID    JobName  Partition     MaxRSS    Elapsed ExitCode 
------------ ---------- ---------- ---------- ---------- -------- 
5110620_3    FLARES_SF+     cosma6              00:01:38      0:0 
5110620_3.e+     extern                         00:01:38      0:0 
5110620_3.0     python3                74025K   00:01:37      0:0 
